Flow report for sketch
Sun Nov 24 19:23:28 2013
Quartus II 32-bit Version 11.1 Build 173 11/01/2011 SJ Web Edition


---------------------
; Table of Contents ;
---------------------
  1. Legal Notice
  2. Flow Summary
  3. Flow Settings
  4. Flow Non-Default Global Settings
  5. Flow Elapsed Time
  6. Flow OS Summary
  7. Flow Log



----------------
; Legal Notice ;
----------------
Copyright (C) 1991-2011 Altera Corporation
Your use of Altera Corporation's design tools, logic functions 
and other software and tools, and its AMPP partner logic 
functions, and any output files from any of the foregoing 
(including device programming or simulation files), and any 
associated documentation or information are expressly subject 
to the terms and conditions of the Altera Program License 
Subscription Agreement, Altera MegaCore Function License 
Agreement, or other applicable license agreement, including, 
without limitation, that your use is for the sole purpose of 
programming logic devices manufactured by Altera and sold by 
Altera or its authorized distributors.  Please refer to the 
applicable agreement for further details.



+-------------------------------------------------------------------------------+
; Flow Summary                                                                  ;
+------------------------------------+------------------------------------------+
; Flow Status                        ; Successful - Sun Nov 24 19:23:18 2013    ;
; Quartus II 32-bit Version          ; 11.1 Build 173 11/01/2011 SJ Web Edition ;
; Revision Name                      ; sketch                                   ;
; Top-level Entity Name              ; sketch                                   ;
; Family                             ; Cyclone II                               ;
; Device                             ; EP2C35F672C6                             ;
; Timing Models                      ; Final                                    ;
; Total logic elements               ; 3,729 / 33,216 ( 11 % )                  ;
;     Total combinational functions  ; 3,723 / 33,216 ( 11 % )                  ;
;     Dedicated logic registers      ; 272 / 33,216 ( < 1 % )                   ;
; Total registers                    ; 272                                      ;
; Total pins                         ; 83 / 475 ( 17 % )                        ;
; Total virtual pins                 ; 0                                        ;
; Total memory bits                  ; 130,890 / 483,840 ( 27 % )               ;
; Embedded Multiplier 9-bit elements ; 0 / 70 ( 0 % )                           ;
; Total PLLs                         ; 1 / 4 ( 25 % )                           ;
+------------------------------------+------------------------------------------+


+-----------------------------------------+
; Flow Settings                           ;
+-------------------+---------------------+
; Option            ; Setting             ;
+-------------------+---------------------+
; Start date & time ; 11/24/2013 19:22:43 ;
; Main task         ; Compilation         ;
; Revision Name     ; sketch              ;
+-------------------+---------------------+


+------------------------------------------------------------------------------------------------------------------+
; Flow Non-Default Global Settings                                                                                 ;
+-------------------------------------+---------------------------------+---------------+-------------+------------+
; Assignment Name                     ; Value                           ; Default Value ; Entity Name ; Section Id ;
+-------------------------------------+---------------------------------+---------------+-------------+------------+
; COMPILER_SIGNATURE_ID               ; 216075651043268.138533896214104 ; --            ; --          ; --         ;
; ENABLE_CLOCK_LATENCY                ; On                              ; Off           ; --          ; --         ;
; IP_TOOL_NAME                        ; ROM: 1-PORT                     ; --            ; --          ; --         ;
; IP_TOOL_NAME                        ; ROM: 1-PORT                     ; --            ; --          ; --         ;
; IP_TOOL_NAME                        ; ROM: 1-PORT                     ; --            ; --          ; --         ;
; IP_TOOL_NAME                        ; ROM: 1-PORT                     ; --            ; --          ; --         ;
; IP_TOOL_NAME                        ; ROM: 1-PORT                     ; --            ; --          ; --         ;
; IP_TOOL_NAME                        ; ROM: 1-PORT                     ; --            ; --          ; --         ;
; IP_TOOL_VERSION                     ; 11.1                            ; --            ; --          ; --         ;
; IP_TOOL_VERSION                     ; 11.1                            ; --            ; --          ; --         ;
; IP_TOOL_VERSION                     ; 11.1                            ; --            ; --          ; --         ;
; IP_TOOL_VERSION                     ; 11.1                            ; --            ; --          ; --         ;
; IP_TOOL_VERSION                     ; 11.1                            ; --            ; --          ; --         ;
; IP_TOOL_VERSION                     ; 11.1                            ; --            ; --          ; --         ;
; MISC_FILE                           ; redDiskModule_inst.v            ; --            ; --          ; --         ;
; MISC_FILE                           ; redDiskModule_bb.v              ; --            ; --          ; --         ;
; MISC_FILE                           ; Grid_inst.v                     ; --            ; --          ; --         ;
; MISC_FILE                           ; Grid_bb.v                       ; --            ; --          ; --         ;
; MISC_FILE                           ; Gameover_inst.v                 ; --            ; --          ; --         ;
; MISC_FILE                           ; Gameover_bb.v                   ; --            ; --          ; --         ;
; MISC_FILE                           ; player1_inst.v                  ; --            ; --          ; --         ;
; MISC_FILE                           ; player1_bb.v                    ; --            ; --          ; --         ;
; MISC_FILE                           ; player2_bb.v                    ; --            ; --          ; --         ;
; MISC_FILE                           ; redDiskWin_inst.v               ; --            ; --          ; --         ;
; MISC_FILE                           ; redDiskWin_bb.v                 ; --            ; --          ; --         ;
; PARTITION_COLOR                     ; 16764057                        ; --            ; --          ; Top        ;
; PARTITION_FITTER_PRESERVATION_LEVEL ; PLACEMENT_AND_ROUTING           ; --            ; --          ; Top        ;
; PARTITION_NETLIST_TYPE              ; SOURCE                          ; --            ; --          ; Top        ;
; REPORT_IO_PATHS_SEPARATELY          ; On                              ; Off           ; --          ; --         ;
+-------------------------------------+---------------------------------+---------------+-------------+------------+


+-------------------------------------------------------------------------------------------------------------------------------+
; Flow Elapsed Time                                                                                                             ;
+---------------------------+--------------+-------------------------+---------------------+------------------------------------+
; Module Name               ; Elapsed Time ; Average Processors Used ; Peak Virtual Memory ; Total CPU Time (on all processors) ;
+---------------------------+--------------+-------------------------+---------------------+------------------------------------+
; Analysis & Synthesis      ; 00:00:15     ; 1.0                     ; 333 MB              ; 00:00:15                           ;
; Fitter                    ; 00:00:14     ; 1.0                     ; 412 MB              ; 00:00:13                           ;
; Assembler                 ; 00:00:03     ; 1.0                     ; 341 MB              ; 00:00:03                           ;
; TimeQuest Timing Analyzer ; 00:00:13     ; 1.0                     ; 310 MB              ; 00:00:13                           ;
; Total                     ; 00:00:45     ; --                      ; --                  ; 00:00:44                           ;
+---------------------------+--------------+-------------------------+---------------------+------------------------------------+


+----------------------------------------------------------------------------------------+
; Flow OS Summary                                                                        ;
+---------------------------+------------------+-----------+------------+----------------+
; Module Name               ; Machine Hostname ; OS Name   ; OS Version ; Processor type ;
+---------------------------+------------------+-----------+------------+----------------+
; Analysis & Synthesis      ; Anirudh-VAIO     ; Windows 7 ; 6.1        ; x86_64         ;
; Fitter                    ; Anirudh-VAIO     ; Windows 7 ; 6.1        ; x86_64         ;
; Assembler                 ; Anirudh-VAIO     ; Windows 7 ; 6.1        ; x86_64         ;
; TimeQuest Timing Analyzer ; Anirudh-VAIO     ; Windows 7 ; 6.1        ; x86_64         ;
+---------------------------+------------------+-----------+------------+----------------+


------------
; Flow Log ;
------------
quartus_map --read_settings_files=on --write_settings_files=off sketch -c sketch
quartus_fit --read_settings_files=off --write_settings_files=off sketch -c sketch
quartus_asm --read_settings_files=off --write_settings_files=off sketch -c sketch
quartus_sta sketch -c sketch



